<?xml version="1.0" encoding="UTF-8"?>
<testsuite xmlns:xsi="http://www.w3.org/2001/XMLSchema-instance" xsi:noNamespaceSchemaLocation="https://maven.apache.org/surefire/maven-surefire-plugin/xsd/surefire-test-report-3.0.xsd" version="3.0" name="TestSuite" time="9.151" tests="5" errors="0" skipped="0" failures="0">
  <properties>
    <property name="gopherProxySet" value="false"/>
    <property name="awt.toolkit" value="sun.lwawt.macosx.LWCToolkit"/>
    <property name="file.encoding.pkg" value="sun.io"/>
    <property name="java.specification.version" value="1.8"/>
    <property name="sun.cpu.isalist" value=""/>
    <property name="sun.jnu.encoding" value="UTF-8"/>
    <property name="java.class.path" value="/Users/maltunbas/git/APIProjects/APITemplateProject-PetStore/target/test-classes:/Users/maltunbas/git/APIProjects/APITemplateProject-PetStore/target/classes:/Users/maltunbas/.m2/repository/io/rest-assured/rest-assured/4.4.0/rest-assured-4.4.0.jar:/Users/maltunbas/.m2/repository/org/codehaus/groovy/groovy/3.0.8/groovy-3.0.8.jar:/Users/maltunbas/.m2/repository/org/codehaus/groovy/groovy-xml/3.0.8/groovy-xml-3.0.8.jar:/Users/maltunbas/.m2/repository/org/apache/httpcomponents/httpclient/4.5.13/httpclient-4.5.13.jar:/Users/maltunbas/.m2/repository/org/apache/httpcomponents/httpcore/4.4.13/httpcore-4.4.13.jar:/Users/maltunbas/.m2/repository/commons-logging/commons-logging/1.2/commons-logging-1.2.jar:/Users/maltunbas/.m2/repository/org/apache/httpcomponents/httpmime/4.5.13/httpmime-4.5.13.jar:/Users/maltunbas/.m2/repository/org/ccil/cowan/tagsoup/tagsoup/1.2.1/tagsoup-1.2.1.jar:/Users/maltunbas/.m2/repository/io/rest-assured/json-path/4.4.0/json-path-4.4.0.jar:/Users/maltunbas/.m2/repository/org/codehaus/groovy/groovy-json/3.0.8/groovy-json-3.0.8.jar:/Users/maltunbas/.m2/repository/io/rest-assured/rest-assured-common/4.4.0/rest-assured-common-4.4.0.jar:/Users/maltunbas/.m2/repository/io/rest-assured/xml-path/4.4.0/xml-path-4.4.0.jar:/Users/maltunbas/.m2/repository/org/apache/commons/commons-lang3/3.11/commons-lang3-3.11.jar:/Users/maltunbas/.m2/repository/jakarta/xml/bind/jakarta.xml.bind-api/2.3.3/jakarta.xml.bind-api-2.3.3.jar:/Users/maltunbas/.m2/repository/jakarta/activation/jakarta.activation-api/1.2.2/jakarta.activation-api-1.2.2.jar:/Users/maltunbas/.m2/repository/com/sun/xml/bind/jaxb-impl/2.3.3/jaxb-impl-2.3.3.jar:/Users/maltunbas/.m2/repository/org/testng/testng/7.5/testng-7.5.jar:/Users/maltunbas/.m2/repository/com/google/code/findbugs/jsr305/3.0.1/jsr305-3.0.1.jar:/Users/maltunbas/.m2/repository/com/beust/jcommander/1.78/jcommander-1.78.jar:/Users/maltunbas/.m2/repository/org/webjars/jquery/3.5.1/jquery-3.5.1.jar:/Users/maltunbas/.m2/repository/org/hamcrest/hamcrest/2.2/hamcrest-2.2.jar:/Users/maltunbas/.m2/repository/org/apache/poi/poi-ooxml/5.2.2/poi-ooxml-5.2.2.jar:/Users/maltunbas/.m2/repository/org/apache/poi/poi-ooxml-lite/5.2.2/poi-ooxml-lite-5.2.2.jar:/Users/maltunbas/.m2/repository/org/apache/xmlbeans/xmlbeans/5.0.3/xmlbeans-5.0.3.jar:/Users/maltunbas/.m2/repository/xml-apis/xml-apis/1.4.01/xml-apis-1.4.01.jar:/Users/maltunbas/.m2/repository/org/apache/commons/commons-compress/1.21/commons-compress-1.21.jar:/Users/maltunbas/.m2/repository/commons-io/commons-io/2.11.0/commons-io-2.11.0.jar:/Users/maltunbas/.m2/repository/com/github/virtuald/curvesapi/1.07/curvesapi-1.07.jar:/Users/maltunbas/.m2/repository/org/apache/logging/log4j/log4j-api/2.17.2/log4j-api-2.17.2.jar:/Users/maltunbas/.m2/repository/org/apache/commons/commons-collections4/4.4/commons-collections4-4.4.jar:/Users/maltunbas/.m2/repository/org/apache/poi/poi/5.2.2/poi-5.2.2.jar:/Users/maltunbas/.m2/repository/commons-codec/commons-codec/1.15/commons-codec-1.15.jar:/Users/maltunbas/.m2/repository/org/apache/commons/commons-math3/3.6.1/commons-math3-3.6.1.jar:/Users/maltunbas/.m2/repository/com/zaxxer/SparseBitSet/1.2/SparseBitSet-1.2.jar:/Users/maltunbas/.m2/repository/org/apache/commons/commons-csv/1.9.0/commons-csv-1.9.0.jar:/Users/maltunbas/.m2/repository/com/fasterxml/jackson/core/jackson-databind/2.13.3/jackson-databind-2.13.3.jar:/Users/maltunbas/.m2/repository/com/fasterxml/jackson/core/jackson-annotations/2.13.3/jackson-annotations-2.13.3.jar:/Users/maltunbas/.m2/repository/com/fasterxml/jackson/core/jackson-core/2.13.3/jackson-core-2.13.3.jar:/Users/maltunbas/.m2/repository/com/google/code/gson/gson/2.8.9/gson-2.8.9.jar:/Users/maltunbas/.m2/repository/com/googlecode/json-simple/json-simple/1.1.1/json-simple-1.1.1.jar:/Users/maltunbas/.m2/repository/junit/junit/4.10/junit-4.10.jar:/Users/maltunbas/.m2/repository/org/hamcrest/hamcrest-core/1.1/hamcrest-core-1.1.jar:/Users/maltunbas/.m2/repository/io/cucumber/cucumber-java/7.3.4/cucumber-java-7.3.4.jar:/Users/maltunbas/.m2/repository/io/cucumber/cucumber-core/7.3.4/cucumber-core-7.3.4.jar:/Users/maltunbas/.m2/repository/io/cucumber/cucumber-gherkin/7.3.4/cucumber-gherkin-7.3.4.jar:/Users/maltunbas/.m2/repository/io/cucumber/cucumber-gherkin-messages/7.3.4/cucumber-gherkin-messages-7.3.4.jar:/Users/maltunbas/.m2/repository/io/cucumber/gherkin/23.0.1/gherkin-23.0.1.jar:/Users/maltunbas/.m2/repository/io/cucumber/messages/18.0.0/messages-18.0.0.jar:/Users/maltunbas/.m2/repository/io/cucumber/tag-expressions/4.1.0/tag-expressions-4.1.0.jar:/Users/maltunbas/.m2/repository/io/cucumber/cucumber-expressions/15.1.1/cucumber-expressions-15.1.1.jar:/Users/maltunbas/.m2/repository/io/cucumber/datatable/7.3.4/datatable-7.3.4.jar:/Users/maltunbas/.m2/repository/io/cucumber/cucumber-plugin/7.3.4/cucumber-plugin-7.3.4.jar:/Users/maltunbas/.m2/repository/io/cucumber/docstring/7.3.4/docstring-7.3.4.jar:/Users/maltunbas/.m2/repository/io/cucumber/html-formatter/19.1.0/html-formatter-19.1.0.jar:/Users/maltunbas/.m2/repository/io/cucumber/ci-environment/9.0.4/ci-environment-9.0.4.jar:/Users/maltunbas/.m2/repository/org/apiguardian/apiguardian-api/1.1.2/apiguardian-api-1.1.2.jar:/Users/maltunbas/.m2/repository/io/cucumber/cucumber-testng/7.3.4/cucumber-testng-7.3.4.jar:/Users/maltunbas/.m2/repository/io/cucumber/cucumber-junit/7.3.4/cucumber-junit-7.3.4.jar:/Users/maltunbas/.m2/repository/com/fasterxml/jackson/datatype/jackson-datatype-jdk8/2.13.3/jackson-datatype-jdk8-2.13.3.jar:/Users/maltunbas/.m2/repository/org/slf4j/slf4j-api/2.0.3/slf4j-api-2.0.3.jar:/Users/maltunbas/.m2/repository/org/slf4j/slf4j-simple/2.0.3/slf4j-simple-2.0.3.jar:"/>
    <property name="java.vm.vendor" value="Oracle Corporation"/>
    <property name="sun.arch.data.model" value="64"/>
    <property name="java.vendor.url" value="http://java.oracle.com/"/>
    <property name="user.timezone" value="Europe/Istanbul"/>
    <property name="java.vm.specification.version" value="1.8"/>
    <property name="os.name" value="Mac OS X"/>
    <property name="user.country" value="TR"/>
    <property name="sun.java.launcher" value="SUN_STANDARD"/>
    <property name="sun.boot.library.path" value="/Library/Java/JavaVirtualMachines/jdk1.8.0_311.jdk/Contents/Home/jre/lib"/>
    <property name="sun.java.command" value="/Users/maltunbas/git/APIProjects/APITemplateProject-PetStore/target/surefire/surefirebooter-20221204001427062_3.jar /Users/maltunbas/git/APIProjects/APITemplateProject-PetStore/target/surefire 2022-12-04T00-14-26_825-jvmRun1 surefire-20221204001427062_1tmp surefire_0-20221204001427062_2tmp"/>
    <property name="http.nonProxyHosts" value="local|*.local|169.254/16|*.169.254/16"/>
    <property name="surefire.test.class.path" value="/Users/maltunbas/git/APIProjects/APITemplateProject-PetStore/target/test-classes:/Users/maltunbas/git/APIProjects/APITemplateProject-PetStore/target/classes:/Users/maltunbas/.m2/repository/io/rest-assured/rest-assured/4.4.0/rest-assured-4.4.0.jar:/Users/maltunbas/.m2/repository/org/codehaus/groovy/groovy/3.0.8/groovy-3.0.8.jar:/Users/maltunbas/.m2/repository/org/codehaus/groovy/groovy-xml/3.0.8/groovy-xml-3.0.8.jar:/Users/maltunbas/.m2/repository/org/apache/httpcomponents/httpclient/4.5.13/httpclient-4.5.13.jar:/Users/maltunbas/.m2/repository/org/apache/httpcomponents/httpcore/4.4.13/httpcore-4.4.13.jar:/Users/maltunbas/.m2/repository/commons-logging/commons-logging/1.2/commons-logging-1.2.jar:/Users/maltunbas/.m2/repository/org/apache/httpcomponents/httpmime/4.5.13/httpmime-4.5.13.jar:/Users/maltunbas/.m2/repository/org/ccil/cowan/tagsoup/tagsoup/1.2.1/tagsoup-1.2.1.jar:/Users/maltunbas/.m2/repository/io/rest-assured/json-path/4.4.0/json-path-4.4.0.jar:/Users/maltunbas/.m2/repository/org/codehaus/groovy/groovy-json/3.0.8/groovy-json-3.0.8.jar:/Users/maltunbas/.m2/repository/io/rest-assured/rest-assured-common/4.4.0/rest-assured-common-4.4.0.jar:/Users/maltunbas/.m2/repository/io/rest-assured/xml-path/4.4.0/xml-path-4.4.0.jar:/Users/maltunbas/.m2/repository/org/apache/commons/commons-lang3/3.11/commons-lang3-3.11.jar:/Users/maltunbas/.m2/repository/jakarta/xml/bind/jakarta.xml.bind-api/2.3.3/jakarta.xml.bind-api-2.3.3.jar:/Users/maltunbas/.m2/repository/jakarta/activation/jakarta.activation-api/1.2.2/jakarta.activation-api-1.2.2.jar:/Users/maltunbas/.m2/repository/com/sun/xml/bind/jaxb-impl/2.3.3/jaxb-impl-2.3.3.jar:/Users/maltunbas/.m2/repository/org/testng/testng/7.5/testng-7.5.jar:/Users/maltunbas/.m2/repository/com/google/code/findbugs/jsr305/3.0.1/jsr305-3.0.1.jar:/Users/maltunbas/.m2/repository/com/beust/jcommander/1.78/jcommander-1.78.jar:/Users/maltunbas/.m2/repository/org/webjars/jquery/3.5.1/jquery-3.5.1.jar:/Users/maltunbas/.m2/repository/org/hamcrest/hamcrest/2.2/hamcrest-2.2.jar:/Users/maltunbas/.m2/repository/org/apache/poi/poi-ooxml/5.2.2/poi-ooxml-5.2.2.jar:/Users/maltunbas/.m2/repository/org/apache/poi/poi-ooxml-lite/5.2.2/poi-ooxml-lite-5.2.2.jar:/Users/maltunbas/.m2/repository/org/apache/xmlbeans/xmlbeans/5.0.3/xmlbeans-5.0.3.jar:/Users/maltunbas/.m2/repository/xml-apis/xml-apis/1.4.01/xml-apis-1.4.01.jar:/Users/maltunbas/.m2/repository/org/apache/commons/commons-compress/1.21/commons-compress-1.21.jar:/Users/maltunbas/.m2/repository/commons-io/commons-io/2.11.0/commons-io-2.11.0.jar:/Users/maltunbas/.m2/repository/com/github/virtuald/curvesapi/1.07/curvesapi-1.07.jar:/Users/maltunbas/.m2/repository/org/apache/logging/log4j/log4j-api/2.17.2/log4j-api-2.17.2.jar:/Users/maltunbas/.m2/repository/org/apache/commons/commons-collections4/4.4/commons-collections4-4.4.jar:/Users/maltunbas/.m2/repository/org/apache/poi/poi/5.2.2/poi-5.2.2.jar:/Users/maltunbas/.m2/repository/commons-codec/commons-codec/1.15/commons-codec-1.15.jar:/Users/maltunbas/.m2/repository/org/apache/commons/commons-math3/3.6.1/commons-math3-3.6.1.jar:/Users/maltunbas/.m2/repository/com/zaxxer/SparseBitSet/1.2/SparseBitSet-1.2.jar:/Users/maltunbas/.m2/repository/org/apache/commons/commons-csv/1.9.0/commons-csv-1.9.0.jar:/Users/maltunbas/.m2/repository/com/fasterxml/jackson/core/jackson-databind/2.13.3/jackson-databind-2.13.3.jar:/Users/maltunbas/.m2/repository/com/fasterxml/jackson/core/jackson-annotations/2.13.3/jackson-annotations-2.13.3.jar:/Users/maltunbas/.m2/repository/com/fasterxml/jackson/core/jackson-core/2.13.3/jackson-core-2.13.3.jar:/Users/maltunbas/.m2/repository/com/google/code/gson/gson/2.8.9/gson-2.8.9.jar:/Users/maltunbas/.m2/repository/com/googlecode/json-simple/json-simple/1.1.1/json-simple-1.1.1.jar:/Users/maltunbas/.m2/repository/junit/junit/4.10/junit-4.10.jar:/Users/maltunbas/.m2/repository/org/hamcrest/hamcrest-core/1.1/hamcrest-core-1.1.jar:/Users/maltunbas/.m2/repository/io/cucumber/cucumber-java/7.3.4/cucumber-java-7.3.4.jar:/Users/maltunbas/.m2/repository/io/cucumber/cucumber-core/7.3.4/cucumber-core-7.3.4.jar:/Users/maltunbas/.m2/repository/io/cucumber/cucumber-gherkin/7.3.4/cucumber-gherkin-7.3.4.jar:/Users/maltunbas/.m2/repository/io/cucumber/cucumber-gherkin-messages/7.3.4/cucumber-gherkin-messages-7.3.4.jar:/Users/maltunbas/.m2/repository/io/cucumber/gherkin/23.0.1/gherkin-23.0.1.jar:/Users/maltunbas/.m2/repository/io/cucumber/messages/18.0.0/messages-18.0.0.jar:/Users/maltunbas/.m2/repository/io/cucumber/tag-expressions/4.1.0/tag-expressions-4.1.0.jar:/Users/maltunbas/.m2/repository/io/cucumber/cucumber-expressions/15.1.1/cucumber-expressions-15.1.1.jar:/Users/maltunbas/.m2/repository/io/cucumber/datatable/7.3.4/datatable-7.3.4.jar:/Users/maltunbas/.m2/repository/io/cucumber/cucumber-plugin/7.3.4/cucumber-plugin-7.3.4.jar:/Users/maltunbas/.m2/repository/io/cucumber/docstring/7.3.4/docstring-7.3.4.jar:/Users/maltunbas/.m2/repository/io/cucumber/html-formatter/19.1.0/html-formatter-19.1.0.jar:/Users/maltunbas/.m2/repository/io/cucumber/ci-environment/9.0.4/ci-environment-9.0.4.jar:/Users/maltunbas/.m2/repository/org/apiguardian/apiguardian-api/1.1.2/apiguardian-api-1.1.2.jar:/Users/maltunbas/.m2/repository/io/cucumber/cucumber-testng/7.3.4/cucumber-testng-7.3.4.jar:/Users/maltunbas/.m2/repository/io/cucumber/cucumber-junit/7.3.4/cucumber-junit-7.3.4.jar:/Users/maltunbas/.m2/repository/com/fasterxml/jackson/datatype/jackson-datatype-jdk8/2.13.3/jackson-datatype-jdk8-2.13.3.jar:/Users/maltunbas/.m2/repository/org/slf4j/slf4j-api/2.0.3/slf4j-api-2.0.3.jar:/Users/maltunbas/.m2/repository/org/slf4j/slf4j-simple/2.0.3/slf4j-simple-2.0.3.jar:"/>
    <property name="sun.cpu.endian" value="little"/>
    <property name="user.home" value="/Users/maltunbas"/>
    <property name="user.language" value="en"/>
    <property name="java.specification.vendor" value="Oracle Corporation"/>
    <property name="java.home" value="/Library/Java/JavaVirtualMachines/jdk1.8.0_311.jdk/Contents/Home/jre"/>
    <property name="basedir" value="/Users/maltunbas/git/APIProjects/APITemplateProject-PetStore"/>
    <property name="file.separator" value="/"/>
    <property name="line.separator" value="&#10;"/>
    <property name="java.vm.specification.vendor" value="Oracle Corporation"/>
    <property name="java.specification.name" value="Java Platform API Specification"/>
    <property name="java.awt.graphicsenv" value="sun.awt.CGraphicsEnvironment"/>
    <property name="surefire.real.class.path" value="/Users/maltunbas/git/APIProjects/APITemplateProject-PetStore/target/surefire/surefirebooter-20221204001427062_3.jar"/>
    <property name="sun.boot.class.path" value="/Library/Java/JavaVirtualMachines/jdk1.8.0_311.jdk/Contents/Home/jre/lib/resources.jar:/Library/Java/JavaVirtualMachines/jdk1.8.0_311.jdk/Contents/Home/jre/lib/rt.jar:/Library/Java/JavaVirtualMachines/jdk1.8.0_311.jdk/Contents/Home/jre/lib/sunrsasign.jar:/Library/Java/JavaVirtualMachines/jdk1.8.0_311.jdk/Contents/Home/jre/lib/jsse.jar:/Library/Java/JavaVirtualMachines/jdk1.8.0_311.jdk/Contents/Home/jre/lib/jce.jar:/Library/Java/JavaVirtualMachines/jdk1.8.0_311.jdk/Contents/Home/jre/lib/charsets.jar:/Library/Java/JavaVirtualMachines/jdk1.8.0_311.jdk/Contents/Home/jre/lib/jfr.jar:/Library/Java/JavaVirtualMachines/jdk1.8.0_311.jdk/Contents/Home/jre/classes"/>
    <property name="sun.management.compiler" value="HotSpot 64-Bit Tiered Compilers"/>
    <property name="ftp.nonProxyHosts" value="local|*.local|169.254/16|*.169.254/16"/>
    <property name="java.runtime.version" value="1.8.0_311-b11"/>
    <property name="user.name" value="maltunbas"/>
    <property name="path.separator" value=":"/>
    <property name="os.version" value="10.16"/>
    <property name="java.endorsed.dirs" value="/Library/Java/JavaVirtualMachines/jdk1.8.0_311.jdk/Contents/Home/jre/lib/endorsed"/>
    <property name="java.runtime.name" value="Java(TM) SE Runtime Environment"/>
    <property name="file.encoding" value="UTF-8"/>
    <property name="java.vm.name" value="Java HotSpot(TM) 64-Bit Server VM"/>
    <property name="localRepository" value="/Users/maltunbas/.m2/repository"/>
    <property name="java.vendor.url.bug" value="http://bugreport.sun.com/bugreport/"/>
    <property name="java.io.tmpdir" value="/var/folders/9j/dh6y84xx7zj2j0tq0fk9v3x165p0vs/T/"/>
    <property name="java.version" value="1.8.0_311"/>
    <property name="user.dir" value="/Users/maltunbas/git/APIProjects/APITemplateProject-PetStore"/>
    <property name="os.arch" value="x86_64"/>
    <property name="java.vm.specification.name" value="Java Virtual Machine Specification"/>
    <property name="java.awt.printerjob" value="sun.lwawt.macosx.CPrinterJob"/>
    <property name="sun.os.patch.level" value="unknown"/>
    <property name="java.library.path" value="/Users/maltunbas/Library/Java/Extensions:/Library/Java/Extensions:/Network/Library/Java/Extensions:/System/Library/Java/Extensions:/usr/lib/java:."/>
    <property name="java.vm.info" value="mixed mode"/>
    <property name="java.vendor" value="Oracle Corporation"/>
    <property name="java.vm.version" value="25.311-b11"/>
    <property name="java.ext.dirs" value="/Users/maltunbas/Library/Java/Extensions:/Library/Java/JavaVirtualMachines/jdk1.8.0_311.jdk/Contents/Home/jre/lib/ext:/Library/Java/Extensions:/Network/Library/Java/Extensions:/System/Library/Java/Extensions:/usr/lib/java"/>
    <property name="sun.io.unicode.encoding" value="UnicodeBig"/>
    <property name="java.class.version" value="52.0"/>
    <property name="socksNonProxyHosts" value="local|*.local|169.254/16|*.169.254/16"/>
  </properties>
  <testcase name="runScenario[&quot;Verify creating order for a pet functionality is working&quot;, &quot;Validating Order Pet API&apos;s&quot;](1)" classname="testRunners.TestRunner" time="2.836"/>
  <testcase name="runScenario[&quot;Verify creating order for a pet functionality is working&quot;, &quot;Validating Order Pet API&apos;s&quot;](2)" classname="testRunners.TestRunner" time="0.812"/>
  <testcase name="runScenario[&quot;Verify if Add Pet functionality is working&quot;, &quot;Validating PetStore API&apos;s&quot;](3)" classname="testRunners.TestRunner" time="1.609"/>
  <testcase name="runScenario[&quot;Verify if Update Pet functionality is working&quot;, &quot;Validating PetStore API&apos;s&quot;](4)" classname="testRunners.TestRunner" time="1.571"/>
  <testcase name="runScenario[&quot;Verify if Delete Pet functionality is working&quot;, &quot;Validating PetStore API&apos;s&quot;](5)" classname="testRunners.TestRunner" time="1.502"/>
</testsuite>