<?xml version="1.0" encoding="UTF-8"?>
<!-- Generated by org.testng.reporters.JUnitReportReporter -->
<testsuite skipped="0" hostname="THB-ARG-455.local" name="testRunners.TestRunner" tests="5" failures="0" timestamp="2022-12-04T00:14:36 EET" time="8.329" errors="0">
  <testcase name="runScenario" time="2.836" classname="testRunners.TestRunner"/>
  <system-out/>
  <testcase name="runScenario" time="0.812" classname="testRunners.TestRunner"/>
  <system-out/>
  <testcase name="runScenario" time="1.608" classname="testRunners.TestRunner"/>
  <system-out/>
  <testcase name="runScenario" time="1.502" classname="testRunners.TestRunner"/>
  <system-out/>
  <testcase name="runScenario" time="1.571" classname="testRunners.TestRunner"/>
  <system-out/>
</testsuite> <!-- testRunners.TestRunner -->
