<?xml version="1.0" encoding="UTF-8"?>
<!-- Generated by org.testng.reporters.JUnitReportReporter -->
<testsuite skipped="0" hostname="THB-ARG-455.local" name="testRunners.TestRunner" tests="5" failures="2" timestamp="2022-11-27T23:15:24 EET" time="10.090" errors="0">
  <testcase name="runScenario" time="1.819" classname="testRunners.TestRunner"/>
  <system-out/>
  <testcase name="runScenario" time="2.091" classname="testRunners.TestRunner"/>
  <system-out/>
  <testcase name="runScenario" time="1.650" classname="testRunners.TestRunner"/>
  <system-out/>
  <testcase name="runScenario" time="2.694" classname="testRunners.TestRunner">
    <failure type="java.lang.AssertionError" message="expected [404] but found [200]">
      <![CDATA[java.lang.AssertionError: expected [404] but found [200]
at org.testng.Assert.fail(Assert.java:110)
at org.testng.Assert.failNotEquals(Assert.java:1413)
at org.testng.Assert.assertEqualsImpl(Assert.java:149)
at org.testng.Assert.assertEquals(Assert.java:131)
at org.testng.Assert.assertEquals(Assert.java:1240)
at org.testng.Assert.assertEquals(Assert.java:1274)
at stepDefinations.TestOrder.verify_if_status_code_is_equal(TestOrder.java:39)
at ✽.Verify if status code is equal 404(file:///Users/maltunbas/git/APIProjects/APITemplateProject-PetStore/src/test/java/features/petOrderValidations.feature:7)
]]>
    </failure>
  </testcase> <!-- runScenario -->
  <system-out/>
  <testcase name="runScenario" time="1.836" classname="testRunners.TestRunner">
    <failure type="java.lang.AssertionError" message="expected [404] but found [200]">
      <![CDATA[java.lang.AssertionError: expected [404] but found [200]
at org.testng.Assert.fail(Assert.java:110)
at org.testng.Assert.failNotEquals(Assert.java:1413)
at org.testng.Assert.assertEqualsImpl(Assert.java:149)
at org.testng.Assert.assertEquals(Assert.java:131)
at org.testng.Assert.assertEquals(Assert.java:1240)
at org.testng.Assert.assertEquals(Assert.java:1274)
at stepDefinations.TestOrder.verify_if_status_code_is_equal(TestOrder.java:39)
at ✽.Verify if status code is equal 404(file:///Users/maltunbas/git/APIProjects/APITemplateProject-PetStore/src/test/java/features/petOrderValidations.feature:7)
]]>
    </failure>
  </testcase> <!-- runScenario -->
  <system-out/>
</testsuite> <!-- testRunners.TestRunner -->
