<?xml version="1.0" encoding="UTF-8"?>
<!-- Generated by org.testng.reporters.JUnitReportReporter -->
<testsuite skipped="0" hostname="THB-ARG-455.local" name="testRunners.TestRunner" tests="4" failures="0" timestamp="2022-11-27T01:29:21 EET" time="7.959" errors="0">
  <testcase name="runScenario" time="1.547" classname="testRunners.TestRunner"/>
  <system-out/>
  <testcase name="runScenario" time="1.598" classname="testRunners.TestRunner"/>
  <system-out/>
  <testcase name="runScenario" time="3.288" classname="testRunners.TestRunner"/>
  <system-out/>
  <testcase name="runScenario" time="1.526" classname="testRunners.TestRunner"/>
  <system-out/>
</testsuite> <!-- testRunners.TestRunner -->
